# JRE version: Java(TM) SE Runtime Environment (21.0.8+12) (build 21.0.8+12-LTS-250)
# Java VM: Java HotSpot(TM) 64-Bit Server VM (21.0.8+12-LTS-250, mixed mode, sharing, tiered, compressed oops, compressed class ptrs, g1 gc, windows-amd64)
GC Precious Log:
 CardTable entry size: 512
 Card Set container configuration: InlinePtr #cards 4 size 8 Array Of Cards #cards 16 size 48 Howl #buckets 8 coarsen threshold 3686 Howl Bitmap #cards 512 size 80 coarsen threshold 460 Card regions per heap region 1 cards per card region 4096
 CPUs: 12 total, 12 available
 Memory: 15947M
 Large Page Support: Disabled
 NUMA Support: Disabled
 Compressed Oops: Enabled (Zero based)
 Heap Region Size: 2M
 Heap Min Capacity: 8M
 Heap Initial Capacity: 250M
 Heap Max Capacity: 3988M
 Pre-touch: Disabled
 Parallel Workers: 10
 Concurrent Workers: 3
 Concurrent Refinement Workers: 10
 Periodic GC: Disabled
Heap:
 garbage-first heap   total 256000K, used 30987K [0x0000000706c00000, 0x0000000800000000)
  region size 2048K, 15 young (30720K), 6 survivors (12288K)
 Metaspace       used 13724K, committed 13952K, reserved 1114112K
  class space    used 1473K, committed 1600K, reserved 1048576K
GC Heap History (6 events):
Event: 0.493 GC heap before
{Heap before GC invocations=0 (full 0):
 garbage-first heap   total 256000K, used 22528K [0x0000000706c00000, 0x0000000800000000)
  region size 2048K, 11 young (22528K), 0 survivors (0K)
 Metaspace       used 4971K, committed 5120K, reserved 1114112K
  class space    used 561K, committed 640K, reserved 1048576K
}
Event: 0.495 GC heap after
{Heap after GC invocations=1 (full 0):
 garbage-first heap   total 256000K, used 3840K [0x0000000706c00000, 0x0000000800000000)
  region size 2048K, 2 young (4096K), 2 survivors (4096K)
 Metaspace       used 4971K, committed 5120K, reserved 1114112K
  class space    used 561K, committed 640K, reserved 1048576K
}
Event: 2.028 GC heap before
{Heap before GC invocations=1 (full 0):
 garbage-first heap   total 256000K, used 36608K [0x0000000706c00000, 0x0000000800000000)
  region size 2048K, 18 young (36864K), 2 survivors (4096K)
 Metaspace       used 11164K, committed 11456K, reserved 1114112K
  class space    used 1324K, committed 1472K, reserved 1048576K
}
Event: 2.032 GC heap after
{Heap after GC invocations=2 (full 0):
 garbage-first heap   total 256000K, used 6457K [0x0000000706c00000, 0x0000000800000000)
  region size 2048K, 2 young (4096K), 2 survivors (4096K)
 Metaspace       used 11164K, committed 11456K, reserved 1114112K
  class space    used 1324K, committed 1472K, reserved 1048576K
}
Event: 8.897 GC heap before
{Heap before GC invocations=2 (full 0):
 garbage-first heap   total 256000K, used 155961K [0x0000000706c00000, 0x0000000800000000)
  region size 2048K, 75 young (153600K), 2 survivors (4096K)
 Metaspace       used 13654K, committed 13888K, reserved 1114112K
  class space    used 1472K, committed 1600K, reserved 1048576K
}
Event: 8.904 GC heap after
{Heap after GC invocations=3 (full 0):
 garbage-first heap   total 256000K, used 14603K [0x0000000706c00000, 0x0000000800000000)
  region size 2048K, 6 young (12288K), 6 survivors (12288K)
 Metaspace       used 13654K, committed 13888K, reserved 1114112K
  class space    used 1472K, committed 1600K, reserved 1048576K
}

